{"C:\\Users\\hjerk\\Desktop\\Skole\\backend-course-project\\src\\app.js": {"path":"C:\\Users\\hjerk\\Desktop\\Skole\\backend-course-project\\src\\app.js","statementMap":{"0":{"start":{"line":1,"column":13},"end":{"line":1,"column":28}},"1":{"start":{"line":2,"column":16},"end":{"line":2,"column":34}},"2":{"start":{"line":3,"column":17},"end":{"line":3,"column":37}},"3":{"start":{"line":4,"column":15},"end":{"line":4,"column":38}},"4":{"start":{"line":5,"column":23},"end":{"line":5,"column":52}},"5":{"start":{"line":6,"column":20},"end":{"line":6,"column":44}},"6":{"start":{"line":7,"column":21},"end":{"line":7,"column":57}},"7":{"start":{"line":9,"column":12},"end":{"line":9,"column":21}},"8":{"start":{"line":10,"column":0},"end":{"line":10,"column":84}},"9":{"start":{"line":10,"column":51},"end":{"line":10,"column":79}},"10":{"start":{"line":11,"column":0},"end":{"line":11,"column":24}},"11":{"start":{"line":12,"column":0},"end":{"line":12,"column":62}},"12":{"start":{"line":13,"column":0},"end":{"line":13,"column":33}},"13":{"start":{"line":14,"column":0},"end":{"line":14,"column":42}},"14":{"start":{"line":15,"column":0},"end":{"line":15,"column":70}},"15":{"start":{"line":15,"column":22},"end":{"line":15,"column":68}},"16":{"start":{"line":16,"column":0},"end":{"line":16,"column":22}},"17":{"start":{"line":18,"column":0},"end":{"line":18,"column":null}}},"fnMap":{"0":{"name":"(anonymous_0)","decl":{"start":{"line":10,"column":46},"end":{"line":10,"column":47}},"loc":{"start":{"line":10,"column":51},"end":{"line":10,"column":79}},"line":10},"1":{"name":"(anonymous_1)","decl":{"start":{"line":15,"column":8},"end":{"line":15,"column":9}},"loc":{"start":{"line":15,"column":22},"end":{"line":15,"column":68}},"line":15}},"branchMap":{},"s":{"0":3,"1":3,"2":3,"3":3,"4":3,"5":3,"6":3,"7":3,"8":3,"9":28,"10":3,"11":3,"12":3,"13":3,"14":3,"15":0,"16":3,"17":3},"f":{"0":28,"1":0},"b":{},"meta":{"lastBranch":0,"lastFunction":2,"lastStatement":18,"seen":{"s:1:13:1:28":0,"s:2:16:2:34":1,"s:3:17:3:37":2,"s:4:15:4:38":3,"s:5:23:5:52":4,"s:6:20:6:44":5,"s:7:21:7:57":6,"s:9:12:9:21":7,"s:10:0:10:84":8,"f:10:46:10:47":0,"s:10:51:10:79":9,"s:11:0:11:24":10,"s:12:0:12:62":11,"s:13:0:13:33":12,"s:14:0:14:42":13,"s:15:0:15:70":14,"f:15:8:15:9":1,"s:15:22:15:68":15,"s:16:0:16:22":16,"s:18:0:18:Infinity":17}}}
,"C:\\Users\\hjerk\\Desktop\\Skole\\backend-course-project\\src\\lib\\errors.js": {"path":"C:\\Users\\hjerk\\Desktop\\Skole\\backend-course-project\\src\\lib\\errors.js","statementMap":{"0":{"start":{"line":3,"column":4},"end":{"line":3,"column":19}},"1":{"start":{"line":4,"column":4},"end":{"line":4,"column":25}},"2":{"start":{"line":7,"column":79},"end":{"line":7,"column":93}},"3":{"start":{"line":8,"column":79},"end":{"line":8,"column":93}},"4":{"start":{"line":9,"column":79},"end":{"line":9,"column":93}},"5":{"start":{"line":10,"column":79},"end":{"line":10,"column":93}},"6":{"start":{"line":11,"column":79},"end":{"line":11,"column":93}},"7":{"start":{"line":13,"column":0},"end":{"line":16,"column":null}}},"fnMap":{"0":{"name":"(anonymous_0)","decl":{"start":{"line":2,"column":2},"end":{"line":2,"column":13}},"loc":{"start":{"line":2,"column":31},"end":{"line":5,"column":3}},"line":2},"1":{"name":"(anonymous_1)","decl":{"start":{"line":7,"column":43},"end":{"line":7,"column":54}},"loc":{"start":{"line":7,"column":77},"end":{"line":7,"column":95}},"line":7},"2":{"name":"(anonymous_2)","decl":{"start":{"line":8,"column":43},"end":{"line":8,"column":54}},"loc":{"start":{"line":8,"column":77},"end":{"line":8,"column":95}},"line":8},"3":{"name":"(anonymous_3)","decl":{"start":{"line":9,"column":43},"end":{"line":9,"column":54}},"loc":{"start":{"line":9,"column":77},"end":{"line":9,"column":95}},"line":9},"4":{"name":"(anonymous_4)","decl":{"start":{"line":10,"column":43},"end":{"line":10,"column":54}},"loc":{"start":{"line":10,"column":77},"end":{"line":10,"column":95}},"line":10},"5":{"name":"(anonymous_5)","decl":{"start":{"line":11,"column":43},"end":{"line":11,"column":54}},"loc":{"start":{"line":11,"column":77},"end":{"line":11,"column":95}},"line":11}},"branchMap":{"0":{"loc":{"start":{"line":7,"column":55},"end":{"line":7,"column":72}},"type":"default-arg","locations":[{"start":{"line":7,"column":57},"end":{"line":7,"column":72}}],"line":7},"1":{"loc":{"start":{"line":8,"column":55},"end":{"line":8,"column":71}},"type":"default-arg","locations":[{"start":{"line":8,"column":57},"end":{"line":8,"column":71}}],"line":8},"2":{"loc":{"start":{"line":9,"column":55},"end":{"line":9,"column":68}},"type":"default-arg","locations":[{"start":{"line":9,"column":57},"end":{"line":9,"column":68}}],"line":9},"3":{"loc":{"start":{"line":10,"column":55},"end":{"line":10,"column":68}},"type":"default-arg","locations":[{"start":{"line":10,"column":57},"end":{"line":10,"column":68}}],"line":10},"4":{"loc":{"start":{"line":11,"column":55},"end":{"line":11,"column":67}},"type":"default-arg","locations":[{"start":{"line":11,"column":57},"end":{"line":11,"column":67}}],"line":11}},"s":{"0":3,"1":3,"2":0,"3":1,"4":1,"5":1,"6":0,"7":3},"f":{"0":3,"1":0,"2":1,"3":1,"4":1,"5":0},"b":{"0":[0],"1":[1],"2":[1],"3":[1],"4":[0]},"meta":{"lastBranch":5,"lastFunction":6,"lastStatement":8,"seen":{"f:2:2:2:13":0,"s:3:4:3:19":0,"s:4:4:4:25":1,"f:7:43:7:54":1,"b:7:57:7:72":0,"s:7:79:7:93":2,"f:8:43:8:54":2,"b:8:57:8:71":1,"s:8:79:8:93":3,"f:9:43:9:54":3,"b:9:57:9:68":2,"s:9:79:9:93":4,"f:10:43:10:54":4,"b:10:57:10:68":3,"s:10:79:10:93":5,"f:11:43:11:54":5,"b:11:57:11:67":4,"s:11:79:11:93":6,"s:13:0:16:Infinity":7}}}
,"C:\\Users\\hjerk\\Desktop\\Skole\\backend-course-project\\src\\lib\\logger.js": {"path":"C:\\Users\\hjerk\\Desktop\\Skole\\backend-course-project\\src\\lib\\logger.js","statementMap":{"0":{"start":{"line":1,"column":13},"end":{"line":1,"column":28}},"1":{"start":{"line":3,"column":0},"end":{"line":12,"column":null}}},"fnMap":{},"branchMap":{"0":{"loc":{"start":{"line":4,"column":9},"end":{"line":4,"column":null}},"type":"binary-expr","locations":[{"start":{"line":4,"column":9},"end":{"line":4,"column":34}},{"start":{"line":4,"column":34},"end":{"line":4,"column":null}}],"line":4},"1":{"loc":{"start":{"line":9,"column":2},"end":{"line":11,"column":null}},"type":"cond-expr","locations":[{"start":{"line":10,"column":6},"end":{"line":10,"column":31}},{"start":{"line":11,"column":6},"end":{"line":11,"column":null}}],"line":9}},"s":{"0":3,"1":3},"f":{},"b":{"0":[3,3],"1":[3,3]},"meta":{"lastBranch":2,"lastFunction":0,"lastStatement":2,"seen":{"s:1:13:1:28":0,"s:3:0:12:Infinity":1,"b:4:9:4:34:4:34:4:Infinity":0,"b:10:6:10:31:11:6:11:Infinity":1}}}
,"C:\\Users\\hjerk\\Desktop\\Skole\\backend-course-project\\src\\lib\\prisma.js": {"path":"C:\\Users\\hjerk\\Desktop\\Skole\\backend-course-project\\src\\lib\\prisma.js","statementMap":{"0":{"start":{"line":1,"column":25},"end":{"line":1,"column":50}},"1":{"start":{"line":3,"column":15},"end":{"line":3,"column":33}},"2":{"start":{"line":5,"column":0},"end":{"line":5,"column":null}}},"fnMap":{},"branchMap":{},"s":{"0":3,"1":3,"2":3},"f":{},"b":{},"meta":{"lastBranch":0,"lastFunction":0,"lastStatement":3,"seen":{"s:1:25:1:50":0,"s:3:15:3:33":1,"s:5:0:5:Infinity":2}}}
,"C:\\Users\\hjerk\\Desktop\\Skole\\backend-course-project\\src\\middleware\\auth.js": {"path":"C:\\Users\\hjerk\\Desktop\\Skole\\backend-course-project\\src\\middleware\\auth.js","statementMap":{"0":{"start":{"line":1,"column":12},"end":{"line":1,"column":35}},"1":{"start":{"line":2,"column":15},"end":{"line":2,"column":37}},"2":{"start":{"line":3,"column":46},"end":{"line":3,"column":70}},"3":{"start":{"line":6,"column":23},"end":{"line":6,"column":48}},"4":{"start":{"line":8,"column":2},"end":{"line":10,"column":3}},"5":{"start":{"line":9,"column":4},"end":{"line":9,"column":54}},"6":{"start":{"line":11,"column":16},"end":{"line":11,"column":40}},"7":{"start":{"line":13,"column":2},"end":{"line":20,"column":3}},"8":{"start":{"line":14,"column":20},"end":{"line":14,"column":45}},"9":{"start":{"line":15,"column":4},"end":{"line":15,"column":23}},"10":{"start":{"line":16,"column":4},"end":{"line":16,"column":11}},"11":{"start":{"line":18,"column":4},"end":{"line":18,"column":53}},"12":{"start":{"line":19,"column":4},"end":{"line":19,"column":57}},"13":{"start":{"line":23,"column":0},"end":{"line":23,"column":null}}},"fnMap":{"0":{"name":"authenticate","decl":{"start":{"line":5,"column":9},"end":{"line":5,"column":21}},"loc":{"start":{"line":5,"column":38},"end":{"line":21,"column":1}},"line":5}},"branchMap":{"0":{"loc":{"start":{"line":8,"column":2},"end":{"line":10,"column":3}},"type":"if","locations":[{"start":{"line":8,"column":2},"end":{"line":10,"column":3}},{"start":{},"end":{}}],"line":8}},"s":{"0":3,"1":3,"2":3,"3":11,"4":11,"5":1,"6":10,"7":10,"8":10,"9":10,"10":10,"11":0,"12":0,"13":3},"f":{"0":11},"b":{"0":[1,10]},"meta":{"lastBranch":1,"lastFunction":1,"lastStatement":14,"seen":{"s:1:12:1:35":0,"s:2:15:2:37":1,"s:3:46:3:70":2,"f:5:9:5:21":0,"s:6:23:6:48":3,"b:8:2:10:3:undefined:undefined:undefined:undefined":0,"s:8:2:10:3":4,"s:9:4:9:54":5,"s:11:16:11:40":6,"s:13:2:20:3":7,"s:14:20:14:45":8,"s:15:4:15:23":9,"s:16:4:16:11":10,"s:18:4:18:53":11,"s:19:4:19:57":12,"s:23:0:23:Infinity":13}}}
,"C:\\Users\\hjerk\\Desktop\\Skole\\backend-course-project\\src\\middleware\\errorHandler.js": {"path":"C:\\Users\\hjerk\\Desktop\\Skole\\backend-course-project\\src\\middleware\\errorHandler.js","statementMap":{"0":{"start":{"line":1,"column":21},"end":{"line":1,"column":35}},"1":{"start":{"line":2,"column":12},"end":{"line":2,"column":35}},"2":{"start":{"line":3,"column":15},"end":{"line":3,"column":32}},"3":{"start":{"line":4,"column":21},"end":{"line":4,"column":45}},"4":{"start":{"line":7,"column":2},"end":{"line":9,"column":3}},"5":{"start":{"line":8,"column":4},"end":{"line":8,"column":82}},"6":{"start":{"line":10,"column":2},"end":{"line":12,"column":3}},"7":{"start":{"line":11,"column":4},"end":{"line":11,"column":58}},"8":{"start":{"line":13,"column":2},"end":{"line":16,"column":3}},"9":{"start":{"line":15,"column":4},"end":{"line":15,"column":62}},"10":{"start":{"line":17,"column":2},"end":{"line":19,"column":3}},"11":{"start":{"line":18,"column":4},"end":{"line":18,"column":65}},"12":{"start":{"line":20,"column":0},"end":{"line":22,"column":3}},"13":{"start":{"line":21,"column":4},"end":{"line":21,"column":77}},"14":{"start":{"line":23,"column":2},"end":{"line":23,"column":43}},"15":{"start":{"line":25,"column":2},"end":{"line":25,"column":61}},"16":{"start":{"line":27,"column":0},"end":{"line":27,"column":30}}},"fnMap":{"0":{"name":"errorHandler","decl":{"start":{"line":6,"column":9},"end":{"line":6,"column":21}},"loc":{"start":{"line":6,"column":43},"end":{"line":26,"column":1}},"line":6}},"branchMap":{"0":{"loc":{"start":{"line":7,"column":2},"end":{"line":9,"column":3}},"type":"if","locations":[{"start":{"line":7,"column":2},"end":{"line":9,"column":3}},{"start":{},"end":{}}],"line":7},"1":{"loc":{"start":{"line":10,"column":2},"end":{"line":12,"column":3}},"type":"if","locations":[{"start":{"line":10,"column":2},"end":{"line":12,"column":3}},{"start":{},"end":{}}],"line":10},"2":{"loc":{"start":{"line":13,"column":2},"end":{"line":16,"column":3}},"type":"if","locations":[{"start":{"line":13,"column":2},"end":{"line":16,"column":3}},{"start":{},"end":{}}],"line":13},"3":{"loc":{"start":{"line":13,"column":6},"end":{"line":14,"column":42}},"type":"binary-expr","locations":[{"start":{"line":13,"column":6},"end":{"line":13,"column":42}},{"start":{"line":14,"column":6},"end":{"line":14,"column":42}}],"line":13},"4":{"loc":{"start":{"line":17,"column":2},"end":{"line":19,"column":3}},"type":"if","locations":[{"start":{"line":17,"column":2},"end":{"line":19,"column":3}},{"start":{},"end":{}}],"line":17},"5":{"loc":{"start":{"line":20,"column":0},"end":{"line":22,"column":3}},"type":"if","locations":[{"start":{"line":20,"column":0},"end":{"line":22,"column":3}},{"start":{},"end":{}}],"line":20}},"s":{"0":3,"1":3,"2":3,"3":3,"4":4,"5":1,"6":3,"7":0,"8":3,"9":0,"10":3,"11":3,"12":0,"13":0,"14":0,"15":4,"16":3},"f":{"0":4},"b":{"0":[1,3],"1":[0,3],"2":[0,3],"3":[3,3],"4":[3,0],"5":[0,0]},"meta":{"lastBranch":6,"lastFunction":1,"lastStatement":17,"seen":{"s:1:21:1:35":0,"s:2:12:2:35":1,"s:3:15:3:32":2,"s:4:21:4:45":3,"f:6:9:6:21":0,"b:7:2:9:3:undefined:undefined:undefined:undefined":0,"s:7:2:9:3":4,"s:8:4:8:82":5,"b:10:2:12:3:undefined:undefined:undefined:undefined":1,"s:10:2:12:3":6,"s:11:4:11:58":7,"b:13:2:16:3:undefined:undefined:undefined:undefined":2,"s:13:2:16:3":8,"b:13:6:13:42:14:6:14:42":3,"s:15:4:15:62":9,"b:17:2:19:3:undefined:undefined:undefined:undefined":4,"s:17:2:19:3":10,"s:18:4:18:65":11,"b:20:0:22:3:undefined:undefined:undefined:undefined":5,"s:20:0:22:3":12,"s:21:4:21:77":13,"s:23:2:23:43":14,"s:25:2:25:61":15,"s:27:0:27:30":16}}}
,"C:\\Users\\hjerk\\Desktop\\Skole\\backend-course-project\\src\\middleware\\isOwner": {"path":"C:\\Users\\hjerk\\Desktop\\Skole\\backend-course-project\\src\\middleware\\isOwner","statementMap":{"0":{"start":{"line":1,"column":15},"end":{"line":1,"column":39}},"1":{"start":{"line":2,"column":42},"end":{"line":2,"column":66}},"2":{"start":{"line":5,"column":15},"end":{"line":5,"column":44}},"3":{"start":{"line":6,"column":21},"end":{"line":9,"column":6}},"4":{"start":{"line":11,"column":4},"end":{"line":13,"column":5}},"5":{"start":{"line":12,"column":6},"end":{"line":12,"column":53}},"6":{"start":{"line":15,"column":4},"end":{"line":17,"column":5}},"7":{"start":{"line":16,"column":6},"end":{"line":16,"column":74}},"8":{"start":{"line":20,"column":4},"end":{"line":20,"column":28}},"9":{"start":{"line":21,"column":4},"end":{"line":21,"column":11}},"10":{"start":{"line":25,"column":0},"end":{"line":25,"column":null}},"11":{"start":{"line":25,"column":37},"end":{"line":25,"column":72}}},"fnMap":{"0":{"name":"isOwner","decl":{"start":{"line":4,"column":15},"end":{"line":4,"column":22}},"loc":{"start":{"line":4,"column":40},"end":{"line":23,"column":1}},"line":4},"1":{"name":"(anonymous_1)","decl":{"start":{"line":25,"column":17},"end":{"line":25,"column":18}},"loc":{"start":{"line":25,"column":37},"end":{"line":25,"column":72}},"line":25}},"branchMap":{"0":{"loc":{"start":{"line":11,"column":4},"end":{"line":13,"column":5}},"type":"if","locations":[{"start":{"line":11,"column":4},"end":{"line":13,"column":5}},{"start":{},"end":{}}],"line":11},"1":{"loc":{"start":{"line":15,"column":4},"end":{"line":17,"column":5}},"type":"if","locations":[{"start":{"line":15,"column":4},"end":{"line":17,"column":5}},{"start":{},"end":{}}],"line":15}},"s":{"0":3,"1":3,"2":1,"3":1,"4":1,"5":0,"6":1,"7":1,"8":0,"9":0,"10":3,"11":1},"f":{"0":1,"1":1},"b":{"0":[0,1],"1":[1,0]},"meta":{"lastBranch":2,"lastFunction":2,"lastStatement":12,"seen":{"s:1:15:1:39":0,"s:2:42:2:66":1,"f:4:15:4:22":0,"s:5:15:5:44":2,"s:6:21:9:6":3,"b:11:4:13:5:undefined:undefined:undefined:undefined":0,"s:11:4:13:5":4,"s:12:6:12:53":5,"b:15:4:17:5:undefined:undefined:undefined:undefined":1,"s:15:4:17:5":6,"s:16:6:16:74":7,"s:20:4:20:28":8,"s:21:4:21:11":9,"s:25:0:25:Infinity":10,"f:25:17:25:18":1,"s:25:37:25:72":11}}}
,"C:\\Users\\hjerk\\Desktop\\Skole\\backend-course-project\\src\\routes\\auth.js": {"path":"C:\\Users\\hjerk\\Desktop\\Skole\\backend-course-project\\src\\routes\\auth.js","statementMap":{"0":{"start":{"line":1,"column":16},"end":{"line":1,"column":34}},"1":{"start":{"line":2,"column":15},"end":{"line":2,"column":31}},"2":{"start":{"line":3,"column":15},"end":{"line":3,"column":32}},"3":{"start":{"line":4,"column":12},"end":{"line":4,"column":35}},"4":{"start":{"line":5,"column":15},"end":{"line":5,"column":39}},"5":{"start":{"line":6,"column":59},"end":{"line":6,"column":83}},"6":{"start":{"line":8,"column":15},"end":{"line":8,"column":37}},"7":{"start":{"line":11,"column":0},"end":{"line":39,"column":3}},"8":{"start":{"line":12,"column":36},"end":{"line":12,"column":44}},"9":{"start":{"line":14,"column":2},"end":{"line":16,"column":3}},"10":{"start":{"line":15,"column":4},"end":{"line":15,"column":71}},"11":{"start":{"line":19,"column":23},"end":{"line":19,"column":73}},"12":{"start":{"line":20,"column":2},"end":{"line":22,"column":3}},"13":{"start":{"line":21,"column":4},"end":{"line":21,"column":70}},"14":{"start":{"line":21,"column":18},"end":{"line":21,"column":70}},"15":{"start":{"line":25,"column":25},"end":{"line":25,"column":56}},"16":{"start":{"line":28,"column":15},"end":{"line":30,"column":4}},"17":{"start":{"line":33,"column":16},"end":{"line":33,"column":74}},"18":{"start":{"line":35,"column":2},"end":{"line":38,"column":5}},"19":{"start":{"line":41,"column":0},"end":{"line":61,"column":3}},"20":{"start":{"line":42,"column":30},"end":{"line":42,"column":38}},"21":{"start":{"line":44,"column":2},"end":{"line":45,"column":65}},"22":{"start":{"line":45,"column":4},"end":{"line":45,"column":65}},"23":{"start":{"line":48,"column":15},"end":{"line":48,"column":64}},"24":{"start":{"line":49,"column":4},"end":{"line":49,"column":66}},"25":{"start":{"line":49,"column":15},"end":{"line":49,"column":66}},"26":{"start":{"line":52,"column":18},"end":{"line":52,"column":63}},"27":{"start":{"line":54,"column":2},"end":{"line":55,"column":52}},"28":{"start":{"line":55,"column":4},"end":{"line":55,"column":52}},"29":{"start":{"line":58,"column":16},"end":{"line":58,"column":74}},"30":{"start":{"line":60,"column":2},"end":{"line":60,"column":22}},"31":{"start":{"line":64,"column":0},"end":{"line":64,"column":24}}},"fnMap":{"0":{"name":"(anonymous_0)","decl":{"start":{"line":11,"column":25},"end":{"line":11,"column":30}},"loc":{"start":{"line":11,"column":45},"end":{"line":39,"column":1}},"line":11},"1":{"name":"(anonymous_1)","decl":{"start":{"line":41,"column":22},"end":{"line":41,"column":27}},"loc":{"start":{"line":41,"column":42},"end":{"line":61,"column":1}},"line":41}},"branchMap":{"0":{"loc":{"start":{"line":14,"column":2},"end":{"line":16,"column":3}},"type":"if","locations":[{"start":{"line":14,"column":2},"end":{"line":16,"column":3}},{"start":{},"end":{}}],"line":14},"1":{"loc":{"start":{"line":14,"column":6},"end":{"line":14,"column":34}},"type":"binary-expr","locations":[{"start":{"line":14,"column":6},"end":{"line":14,"column":12}},{"start":{"line":14,"column":16},"end":{"line":14,"column":25}},{"start":{"line":14,"column":29},"end":{"line":14,"column":34}}],"line":14},"2":{"loc":{"start":{"line":20,"column":2},"end":{"line":22,"column":3}},"type":"if","locations":[{"start":{"line":20,"column":2},"end":{"line":22,"column":3}},{"start":{},"end":{}}],"line":20},"3":{"loc":{"start":{"line":21,"column":4},"end":{"line":21,"column":70}},"type":"if","locations":[{"start":{"line":21,"column":4},"end":{"line":21,"column":70}},{"start":{},"end":{}}],"line":21},"4":{"loc":{"start":{"line":44,"column":2},"end":{"line":45,"column":65}},"type":"if","locations":[{"start":{"line":44,"column":2},"end":{"line":45,"column":65}},{"start":{},"end":{}}],"line":44},"5":{"loc":{"start":{"line":44,"column":6},"end":{"line":44,"column":25}},"type":"binary-expr","locations":[{"start":{"line":44,"column":6},"end":{"line":44,"column":12}},{"start":{"line":44,"column":16},"end":{"line":44,"column":25}}],"line":44},"6":{"loc":{"start":{"line":49,"column":4},"end":{"line":49,"column":66}},"type":"if","locations":[{"start":{"line":49,"column":4},"end":{"line":49,"column":66}},{"start":{},"end":{}}],"line":49},"7":{"loc":{"start":{"line":54,"column":2},"end":{"line":55,"column":52}},"type":"if","locations":[{"start":{"line":54,"column":2},"end":{"line":55,"column":52}},{"start":{},"end":{}}],"line":54}},"s":{"0":3,"1":3,"2":3,"3":3,"4":3,"5":3,"6":3,"7":3,"8":9,"9":9,"10":0,"11":9,"12":9,"13":0,"14":0,"15":9,"16":9,"17":9,"18":9,"19":3,"20":8,"21":8,"22":0,"23":8,"24":8,"25":0,"26":8,"27":8,"28":0,"29":8,"30":8,"31":3},"f":{"0":9,"1":8},"b":{"0":[0,9],"1":[9,9,9],"2":[0,9],"3":[0,0],"4":[0,8],"5":[8,8],"6":[0,8],"7":[0,8]},"meta":{"lastBranch":8,"lastFunction":2,"lastStatement":32,"seen":{"s:1:16:1:34":0,"s:2:15:2:31":1,"s:3:15:3:32":2,"s:4:12:4:35":3,"s:5:15:5:39":4,"s:6:59:6:83":5,"s:8:15:8:37":6,"s:11:0:39:3":7,"f:11:25:11:30":0,"s:12:36:12:44":8,"b:14:2:16:3:undefined:undefined:undefined:undefined":0,"s:14:2:16:3":9,"b:14:6:14:12:14:16:14:25:14:29:14:34":1,"s:15:4:15:71":10,"s:19:23:19:73":11,"b:20:2:22:3:undefined:undefined:undefined:undefined":2,"s:20:2:22:3":12,"b:21:4:21:70:undefined:undefined:undefined:undefined":3,"s:21:4:21:70":13,"s:21:18:21:70":14,"s:25:25:25:56":15,"s:28:15:30:4":16,"s:33:16:33:74":17,"s:35:2:38:5":18,"s:41:0:61:3":19,"f:41:22:41:27":1,"s:42:30:42:38":20,"b:44:2:45:65:undefined:undefined:undefined:undefined":4,"s:44:2:45:65":21,"b:44:6:44:12:44:16:44:25":5,"s:45:4:45:65":22,"s:48:15:48:64":23,"b:49:4:49:66:undefined:undefined:undefined:undefined":6,"s:49:4:49:66":24,"s:49:15:49:66":25,"s:52:18:52:63":26,"b:54:2:55:52:undefined:undefined:undefined:undefined":7,"s:54:2:55:52":27,"s:55:4:55:52":28,"s:58:16:58:74":29,"s:60:2:60:22":30,"s:64:0:64:24":31}}}
,"C:\\Users\\hjerk\\Desktop\\Skole\\backend-course-project\\src\\routes\\questions.js": {"path":"C:\\Users\\hjerk\\Desktop\\Skole\\backend-course-project\\src\\routes\\questions.js","statementMap":{"0":{"start":{"line":1,"column":16},"end":{"line":1,"column":34}},"1":{"start":{"line":2,"column":15},"end":{"line":2,"column":31}},"2":{"start":{"line":3,"column":15},"end":{"line":3,"column":39}},"3":{"start":{"line":4,"column":21},"end":{"line":4,"column":50}},"4":{"start":{"line":5,"column":16},"end":{"line":5,"column":48}},"5":{"start":{"line":6,"column":15},"end":{"line":6,"column":32}},"6":{"start":{"line":7,"column":13},"end":{"line":7,"column":28}},"7":{"start":{"line":8,"column":14},"end":{"line":8,"column":28}},"8":{"start":{"line":10,"column":43},"end":{"line":10,"column":67}},"9":{"start":{"line":12,"column":18},"end":{"line":16,"column":2}},"10":{"start":{"line":18,"column":16},"end":{"line":24,"column":2}},"11":{"start":{"line":21,"column":16},"end":{"line":21,"column":47}},"12":{"start":{"line":22,"column":4},"end":{"line":22,"column":78}},"13":{"start":{"line":26,"column":15},"end":{"line":33,"column":2}},"14":{"start":{"line":29,"column":4},"end":{"line":30,"column":65}},"15":{"start":{"line":29,"column":44},"end":{"line":29,"column":59}},"16":{"start":{"line":30,"column":9},"end":{"line":30,"column":65}},"17":{"start":{"line":36,"column":0},"end":{"line":36,"column":25}},"18":{"start":{"line":38,"column":0},"end":{"line":44,"column":3}},"19":{"start":{"line":39,"column":2},"end":{"line":42,"column":3}},"20":{"start":{"line":41,"column":4},"end":{"line":41,"column":54}},"21":{"start":{"line":43,"column":2},"end":{"line":43,"column":12}},"22":{"start":{"line":47,"column":23},"end":{"line":47,"column":46}},"23":{"start":{"line":48,"column":19},"end":{"line":48,"column":54}},"24":{"start":{"line":48,"column":42},"end":{"line":48,"column":53}},"25":{"start":{"line":50,"column":2},"end":{"line":66,"column":4}},"26":{"start":{"line":55,"column":63},"end":{"line":55,"column":69}},"27":{"start":{"line":72,"column":0},"end":{"line":110,"column":3}},"28":{"start":{"line":73,"column":2},"end":{"line":109,"column":3}},"29":{"start":{"line":74,"column":24},"end":{"line":74,"column":33}},"30":{"start":{"line":76,"column":17},"end":{"line":76,"column":59}},"31":{"start":{"line":77,"column":18},"end":{"line":77,"column":76}},"32":{"start":{"line":78,"column":17},"end":{"line":78,"column":35}},"33":{"start":{"line":80,"column":18},"end":{"line":82,"column":10}},"34":{"start":{"line":84,"column":39},"end":{"line":98,"column":6}},"35":{"start":{"line":100,"column":4},"end":{"line":106,"column":7}},"36":{"start":{"line":108,"column":4},"end":{"line":108,"column":14}},"37":{"start":{"line":115,"column":0},"end":{"line":137,"column":3}},"38":{"start":{"line":116,"column":2},"end":{"line":136,"column":3}},"39":{"start":{"line":117,"column":23},"end":{"line":117,"column":52}},"40":{"start":{"line":119,"column":21},"end":{"line":127,"column":6}},"41":{"start":{"line":129,"column":4},"end":{"line":131,"column":5}},"42":{"start":{"line":130,"column":6},"end":{"line":130,"column":52}},"43":{"start":{"line":133,"column":4},"end":{"line":133,"column":46}},"44":{"start":{"line":135,"column":4},"end":{"line":135,"column":14}},"45":{"start":{"line":142,"column":0},"end":{"line":170,"column":3}},"46":{"start":{"line":143,"column":2},"end":{"line":169,"column":3}},"47":{"start":{"line":144,"column":17},"end":{"line":144,"column":42}},"48":{"start":{"line":145,"column":43},"end":{"line":145,"column":47}},"49":{"start":{"line":147,"column":26},"end":{"line":147,"column":65}},"50":{"start":{"line":148,"column":21},"end":{"line":148,"column":70}},"51":{"start":{"line":150,"column":24},"end":{"line":164,"column":6}},"52":{"start":{"line":158,"column":54},"end":{"line":160,"column":11}},"53":{"start":{"line":166,"column":4},"end":{"line":166,"column":61}},"54":{"start":{"line":168,"column":6},"end":{"line":168,"column":16}},"55":{"start":{"line":175,"column":0},"end":{"line":213,"column":3}},"56":{"start":{"line":176,"column":2},"end":{"line":212,"column":3}},"57":{"start":{"line":177,"column":23},"end":{"line":177,"column":52}},"58":{"start":{"line":178,"column":43},"end":{"line":178,"column":51}},"59":{"start":{"line":180,"column":29},"end":{"line":180,"column":92}},"60":{"start":{"line":181,"column":4},"end":{"line":183,"column":5}},"61":{"start":{"line":182,"column":6},"end":{"line":182,"column":52}},"62":{"start":{"line":185,"column":4},"end":{"line":187,"column":5}},"63":{"start":{"line":186,"column":6},"end":{"line":186,"column":69}},"64":{"start":{"line":189,"column":21},"end":{"line":189,"column":91}},"65":{"start":{"line":190,"column":26},"end":{"line":190,"column":65}},"66":{"start":{"line":192,"column":28},"end":{"line":207,"column":6}},"67":{"start":{"line":200,"column":54},"end":{"line":203,"column":11}},"68":{"start":{"line":209,"column":4},"end":{"line":209,"column":53}},"69":{"start":{"line":211,"column":4},"end":{"line":211,"column":14}},"70":{"start":{"line":218,"column":0},"end":{"line":240,"column":3}},"71":{"start":{"line":219,"column":2},"end":{"line":239,"column":3}},"72":{"start":{"line":220,"column":23},"end":{"line":220,"column":52}},"73":{"start":{"line":222,"column":21},"end":{"line":225,"column":6}},"74":{"start":{"line":227,"column":4},"end":{"line":229,"column":5}},"75":{"start":{"line":228,"column":6},"end":{"line":228,"column":52}},"76":{"start":{"line":231,"column":4},"end":{"line":231,"column":64}},"77":{"start":{"line":233,"column":4},"end":{"line":236,"column":7}},"78":{"start":{"line":238,"column":4},"end":{"line":238,"column":14}},"79":{"start":{"line":245,"column":0},"end":{"line":288,"column":3}},"80":{"start":{"line":246,"column":4},"end":{"line":287,"column":5}},"81":{"start":{"line":247,"column":25},"end":{"line":247,"column":54}},"82":{"start":{"line":248,"column":25},"end":{"line":248,"column":33}},"83":{"start":{"line":250,"column":6},"end":{"line":252,"column":7}},"84":{"start":{"line":251,"column":8},"end":{"line":251,"column":56}},"85":{"start":{"line":254,"column":23},"end":{"line":254,"column":86}},"86":{"start":{"line":255,"column":6},"end":{"line":257,"column":7}},"87":{"start":{"line":256,"column":8},"end":{"line":256,"column":54}},"88":{"start":{"line":259,"column":24},"end":{"line":259,"column":93}},"89":{"start":{"line":261,"column":22},"end":{"line":268,"column":8}},"90":{"start":{"line":270,"column":35},"end":{"line":276,"column":8}},"91":{"start":{"line":278,"column":6},"end":{"line":284,"column":9}},"92":{"start":{"line":286,"column":6},"end":{"line":286,"column":16}},"93":{"start":{"line":290,"column":0},"end":{"line":290,"column":null}}},"fnMap":{"0":{"name":"(anonymous_0)","decl":{"start":{"line":20,"column":12},"end":{"line":20,"column":13}},"loc":{"start":{"line":20,"column":31},"end":{"line":23,"column":3}},"line":20},"1":{"name":"(anonymous_1)","decl":{"start":{"line":28,"column":14},"end":{"line":28,"column":15}},"loc":{"start":{"line":28,"column":33},"end":{"line":31,"column":3}},"line":28},"2":{"name":"(anonymous_2)","decl":{"start":{"line":38,"column":11},"end":{"line":38,"column":12}},"loc":{"start":{"line":38,"column":36},"end":{"line":44,"column":1}},"line":38},"3":{"name":"formatQuestion","decl":{"start":{"line":46,"column":9},"end":{"line":46,"column":23}},"loc":{"start":{"line":46,"column":34},"end":{"line":67,"column":1}},"line":46},"4":{"name":"(anonymous_4)","decl":{"start":{"line":48,"column":37},"end":{"line":48,"column":38}},"loc":{"start":{"line":48,"column":42},"end":{"line":48,"column":53}},"line":48},"5":{"name":"(anonymous_5)","decl":{"start":{"line":55,"column":56},"end":{"line":55,"column":57}},"loc":{"start":{"line":55,"column":63},"end":{"line":55,"column":69}},"line":55},"6":{"name":"(anonymous_6)","decl":{"start":{"line":72,"column":16},"end":{"line":72,"column":21}},"loc":{"start":{"line":72,"column":42},"end":{"line":110,"column":1}},"line":72},"7":{"name":"(anonymous_7)","decl":{"start":{"line":115,"column":27},"end":{"line":115,"column":32}},"loc":{"start":{"line":115,"column":53},"end":{"line":137,"column":1}},"line":115},"8":{"name":"(anonymous_8)","decl":{"start":{"line":142,"column":41},"end":{"line":142,"column":46}},"loc":{"start":{"line":142,"column":67},"end":{"line":170,"column":1}},"line":142},"9":{"name":"(anonymous_9)","decl":{"start":{"line":158,"column":45},"end":{"line":158,"column":46}},"loc":{"start":{"line":158,"column":54},"end":{"line":160,"column":11}},"line":158},"10":{"name":"(anonymous_10)","decl":{"start":{"line":175,"column":60},"end":{"line":175,"column":65}},"loc":{"start":{"line":175,"column":86},"end":{"line":213,"column":1}},"line":175},"11":{"name":"(anonymous_11)","decl":{"start":{"line":200,"column":45},"end":{"line":200,"column":46}},"loc":{"start":{"line":200,"column":54},"end":{"line":203,"column":11}},"line":200},"12":{"name":"(anonymous_12)","decl":{"start":{"line":218,"column":39},"end":{"line":218,"column":44}},"loc":{"start":{"line":218,"column":65},"end":{"line":240,"column":1}},"line":218},"13":{"name":"(anonymous_13)","decl":{"start":{"line":245,"column":33},"end":{"line":245,"column":38}},"loc":{"start":{"line":245,"column":59},"end":{"line":288,"column":1}},"line":245}},"branchMap":{"0":{"loc":{"start":{"line":29,"column":4},"end":{"line":30,"column":65}},"type":"if","locations":[{"start":{"line":29,"column":4},"end":{"line":30,"column":65}},{"start":{"line":30,"column":9},"end":{"line":30,"column":65}}],"line":29},"1":{"loc":{"start":{"line":39,"column":2},"end":{"line":42,"column":3}},"type":"if","locations":[{"start":{"line":39,"column":2},"end":{"line":42,"column":3}},{"start":{},"end":{}}],"line":39},"2":{"loc":{"start":{"line":39,"column":6},"end":{"line":40,"column":53}},"type":"binary-expr","locations":[{"start":{"line":39,"column":6},"end":{"line":39,"column":39}},{"start":{"line":40,"column":6},"end":{"line":40,"column":53}}],"line":39},"3":{"loc":{"start":{"line":47,"column":23},"end":{"line":47,"column":46}},"type":"binary-expr","locations":[{"start":{"line":47,"column":23},"end":{"line":47,"column":40}},{"start":{"line":47,"column":44},"end":{"line":47,"column":46}}],"line":47},"4":{"loc":{"start":{"line":55,"column":14},"end":{"line":55,"column":75}},"type":"cond-expr","locations":[{"start":{"line":55,"column":34},"end":{"line":55,"column":70}},{"start":{"line":55,"column":73},"end":{"line":55,"column":75}}],"line":55},"5":{"loc":{"start":{"line":56,"column":14},"end":{"line":56,"column":41}},"type":"binary-expr","locations":[{"start":{"line":56,"column":14},"end":{"line":56,"column":33}},{"start":{"line":56,"column":37},"end":{"line":56,"column":41}}],"line":56},"6":{"loc":{"start":{"line":57,"column":18},"end":{"line":57,"column":48}},"type":"binary-expr","locations":[{"start":{"line":57,"column":18},"end":{"line":57,"column":43}},{"start":{"line":57,"column":47},"end":{"line":57,"column":48}}],"line":57},"7":{"loc":{"start":{"line":58,"column":19},"end":{"line":58,"column":49}},"type":"binary-expr","locations":[{"start":{"line":58,"column":19},"end":{"line":58,"column":44}},{"start":{"line":58,"column":48},"end":{"line":58,"column":49}}],"line":58},"8":{"loc":{"start":{"line":76,"column":29},"end":{"line":76,"column":58}},"type":"binary-expr","locations":[{"start":{"line":76,"column":29},"end":{"line":76,"column":53}},{"start":{"line":76,"column":57},"end":{"line":76,"column":58}}],"line":76},"9":{"loc":{"start":{"line":77,"column":44},"end":{"line":77,"column":74}},"type":"binary-expr","locations":[{"start":{"line":77,"column":44},"end":{"line":77,"column":69}},{"start":{"line":77,"column":73},"end":{"line":77,"column":74}}],"line":77},"10":{"loc":{"start":{"line":80,"column":18},"end":{"line":82,"column":10}},"type":"cond-expr","locations":[{"start":{"line":81,"column":8},"end":{"line":81,"column":49}},{"start":{"line":82,"column":8},"end":{"line":82,"column":10}}],"line":80},"11":{"loc":{"start":{"line":129,"column":4},"end":{"line":131,"column":5}},"type":"if","locations":[{"start":{"line":129,"column":4},"end":{"line":131,"column":5}},{"start":{},"end":{}}],"line":129},"12":{"loc":{"start":{"line":147,"column":26},"end":{"line":147,"column":65}},"type":"cond-expr","locations":[{"start":{"line":147,"column":52},"end":{"line":147,"column":60}},{"start":{"line":147,"column":63},"end":{"line":147,"column":65}}],"line":147},"13":{"loc":{"start":{"line":148,"column":21},"end":{"line":148,"column":70}},"type":"cond-expr","locations":[{"start":{"line":148,"column":32},"end":{"line":148,"column":63}},{"start":{"line":148,"column":66},"end":{"line":148,"column":70}}],"line":148},"14":{"loc":{"start":{"line":181,"column":4},"end":{"line":183,"column":5}},"type":"if","locations":[{"start":{"line":181,"column":4},"end":{"line":183,"column":5}},{"start":{},"end":{}}],"line":181},"15":{"loc":{"start":{"line":185,"column":4},"end":{"line":187,"column":5}},"type":"if","locations":[{"start":{"line":185,"column":4},"end":{"line":187,"column":5}},{"start":{},"end":{}}],"line":185},"16":{"loc":{"start":{"line":185,"column":8},"end":{"line":185,"column":28}},"type":"binary-expr","locations":[{"start":{"line":185,"column":8},"end":{"line":185,"column":17}},{"start":{"line":185,"column":21},"end":{"line":185,"column":28}}],"line":185},"17":{"loc":{"start":{"line":189,"column":21},"end":{"line":189,"column":91}},"type":"cond-expr","locations":[{"start":{"line":189,"column":32},"end":{"line":189,"column":63}},{"start":{"line":189,"column":66},"end":{"line":189,"column":91}}],"line":189},"18":{"loc":{"start":{"line":190,"column":26},"end":{"line":190,"column":65}},"type":"cond-expr","locations":[{"start":{"line":190,"column":52},"end":{"line":190,"column":60}},{"start":{"line":190,"column":63},"end":{"line":190,"column":65}}],"line":190},"19":{"loc":{"start":{"line":227,"column":4},"end":{"line":229,"column":5}},"type":"if","locations":[{"start":{"line":227,"column":4},"end":{"line":229,"column":5}},{"start":{},"end":{}}],"line":227},"20":{"loc":{"start":{"line":250,"column":6},"end":{"line":252,"column":7}},"type":"if","locations":[{"start":{"line":250,"column":6},"end":{"line":252,"column":7}},{"start":{},"end":{}}],"line":250},"21":{"loc":{"start":{"line":255,"column":6},"end":{"line":257,"column":7}},"type":"if","locations":[{"start":{"line":255,"column":6},"end":{"line":257,"column":7}},{"start":{},"end":{}}],"line":255},"22":{"loc":{"start":{"line":279,"column":17},"end":{"line":279,"column":54}},"type":"cond-expr","locations":[{"start":{"line":279,"column":29},"end":{"line":279,"column":39}},{"start":{"line":279,"column":42},"end":{"line":279,"column":54}}],"line":279},"23":{"loc":{"start":{"line":282,"column":23},"end":{"line":282,"column":80}},"type":"cond-expr","locations":[{"start":{"line":282,"column":35},"end":{"line":282,"column":51}},{"start":{"line":282,"column":54},"end":{"line":282,"column":80}}],"line":282}},"s":{"0":3,"1":3,"2":3,"3":3,"4":3,"5":3,"6":3,"7":3,"8":3,"9":3,"10":3,"11":0,"12":0,"13":3,"14":0,"15":0,"16":0,"17":3,"18":3,"19":1,"20":0,"21":1,"22":1,"23":1,"24":0,"25":1,"26":0,"27":3,"28":6,"29":6,"30":6,"31":6,"32":6,"33":6,"34":6,"35":6,"36":0,"37":3,"38":1,"39":1,"40":1,"41":1,"42":1,"43":0,"44":1,"45":3,"46":2,"47":2,"48":2,"49":2,"50":2,"51":2,"52":0,"53":1,"54":1,"55":3,"56":0,"57":0,"58":0,"59":0,"60":0,"61":0,"62":0,"63":0,"64":0,"65":0,"66":0,"67":0,"68":0,"69":0,"70":3,"71":0,"72":0,"73":0,"74":0,"75":0,"76":0,"77":0,"78":0,"79":3,"80":0,"81":0,"82":0,"83":0,"84":0,"85":0,"86":0,"87":0,"88":0,"89":0,"90":0,"91":0,"92":0,"93":3},"f":{"0":0,"1":0,"2":1,"3":1,"4":0,"5":0,"6":6,"7":1,"8":2,"9":0,"10":0,"11":0,"12":0,"13":0},"b":{"0":[0,0],"1":[0,1],"2":[1,1],"3":[1,1],"4":[1,0],"5":[1,0],"6":[1,0],"7":[1,0],"8":[6,4],"9":[6,4],"10":[0,6],"11":[1,0],"12":[0,1],"13":[0,1],"14":[0,0],"15":[0,0],"16":[0,0],"17":[0,0],"18":[0,0],"19":[0,0],"20":[0,0],"21":[0,0],"22":[0,0],"23":[0,0]},"meta":{"lastBranch":24,"lastFunction":14,"lastStatement":94,"seen":{"s:1:16:1:34":0,"s:2:15:2:31":1,"s:3:15:3:39":2,"s:4:21:4:50":3,"s:5:16:5:48":4,"s:6:15:6:32":5,"s:7:13:7:28":6,"s:8:14:8:28":7,"s:10:43:10:67":8,"s:12:18:16:2":9,"s:18:16:24:2":10,"f:20:12:20:13":0,"s:21:16:21:47":11,"s:22:4:22:78":12,"s:26:15:33:2":13,"f:28:14:28:15":1,"b:29:4:30:65:30:9:30:65":0,"s:29:4:30:65":14,"s:29:44:29:59":15,"s:30:9:30:65":16,"s:36:0:36:25":17,"s:38:0:44:3":18,"f:38:11:38:12":2,"b:39:2:42:3:undefined:undefined:undefined:undefined":1,"s:39:2:42:3":19,"b:39:6:39:39:40:6:40:53":2,"s:41:4:41:54":20,"s:43:2:43:12":21,"f:46:9:46:23":3,"s:47:23:47:46":22,"b:47:23:47:40:47:44:47:46":3,"s:48:19:48:54":23,"f:48:37:48:38":4,"s:48:42:48:53":24,"s:50:2:66:4":25,"b:55:34:55:70:55:73:55:75":4,"f:55:56:55:57":5,"s:55:63:55:69":26,"b:56:14:56:33:56:37:56:41":5,"b:57:18:57:43:57:47:57:48":6,"b:58:19:58:44:58:48:58:49":7,"s:72:0:110:3":27,"f:72:16:72:21":6,"s:73:2:109:3":28,"s:74:24:74:33":29,"s:76:17:76:59":30,"b:76:29:76:53:76:57:76:58":8,"s:77:18:77:76":31,"b:77:44:77:69:77:73:77:74":9,"s:78:17:78:35":32,"s:80:18:82:10":33,"b:81:8:81:49:82:8:82:10":10,"s:84:39:98:6":34,"s:100:4:106:7":35,"s:108:4:108:14":36,"s:115:0:137:3":37,"f:115:27:115:32":7,"s:116:2:136:3":38,"s:117:23:117:52":39,"s:119:21:127:6":40,"b:129:4:131:5:undefined:undefined:undefined:undefined":11,"s:129:4:131:5":41,"s:130:6:130:52":42,"s:133:4:133:46":43,"s:135:4:135:14":44,"s:142:0:170:3":45,"f:142:41:142:46":8,"s:143:2:169:3":46,"s:144:17:144:42":47,"s:145:43:145:47":48,"s:147:26:147:65":49,"b:147:52:147:60:147:63:147:65":12,"s:148:21:148:70":50,"b:148:32:148:63:148:66:148:70":13,"s:150:24:164:6":51,"f:158:45:158:46":9,"s:158:54:160:11":52,"s:166:4:166:61":53,"s:168:6:168:16":54,"s:175:0:213:3":55,"f:175:60:175:65":10,"s:176:2:212:3":56,"s:177:23:177:52":57,"s:178:43:178:51":58,"s:180:29:180:92":59,"b:181:4:183:5:undefined:undefined:undefined:undefined":14,"s:181:4:183:5":60,"s:182:6:182:52":61,"b:185:4:187:5:undefined:undefined:undefined:undefined":15,"s:185:4:187:5":62,"b:185:8:185:17:185:21:185:28":16,"s:186:6:186:69":63,"s:189:21:189:91":64,"b:189:32:189:63:189:66:189:91":17,"s:190:26:190:65":65,"b:190:52:190:60:190:63:190:65":18,"s:192:28:207:6":66,"f:200:45:200:46":11,"s:200:54:203:11":67,"s:209:4:209:53":68,"s:211:4:211:14":69,"s:218:0:240:3":70,"f:218:39:218:44":12,"s:219:2:239:3":71,"s:220:23:220:52":72,"s:222:21:225:6":73,"b:227:4:229:5:undefined:undefined:undefined:undefined":19,"s:227:4:229:5":74,"s:228:6:228:52":75,"s:231:4:231:64":76,"s:233:4:236:7":77,"s:238:4:238:14":78,"s:245:0:288:3":79,"f:245:33:245:38":13,"s:246:4:287:5":80,"s:247:25:247:54":81,"s:248:25:248:33":82,"b:250:6:252:7:undefined:undefined:undefined:undefined":20,"s:250:6:252:7":83,"s:251:8:251:56":84,"s:254:23:254:86":85,"b:255:6:257:7:undefined:undefined:undefined:undefined":21,"s:255:6:257:7":86,"s:256:8:256:54":87,"s:259:24:259:93":88,"s:261:22:268:8":89,"s:270:35:276:8":90,"s:278:6:284:9":91,"b:279:29:279:39:279:42:279:54":22,"b:282:35:282:51:282:54:282:80":23,"s:286:6:286:16":92,"s:290:0:290:Infinity":93}}}
,"C:\\Users\\hjerk\\Desktop\\Skole\\backend-course-project\\tests\\helpers.js": {"path":"C:\\Users\\hjerk\\Desktop\\Skole\\backend-course-project\\tests\\helpers.js","statementMap":{"0":{"start":{"line":1,"column":16},"end":{"line":1,"column":36}},"1":{"start":{"line":2,"column":12},"end":{"line":2,"column":33}},"2":{"start":{"line":3,"column":15},"end":{"line":3,"column":43}},"3":{"start":{"line":6,"column":2},"end":{"line":6,"column":36}},"4":{"start":{"line":7,"column":2},"end":{"line":7,"column":37}},"5":{"start":{"line":8,"column":2},"end":{"line":8,"column":36}},"6":{"start":{"line":9,"column":2},"end":{"line":9,"column":33}},"7":{"start":{"line":13,"column":2},"end":{"line":14,"column":48}},"8":{"start":{"line":16,"column":14},"end":{"line":17,"column":41}},"9":{"start":{"line":19,"column":2},"end":{"line":19,"column":24}},"10":{"start":{"line":23,"column":14},"end":{"line":25,"column":83}},"11":{"start":{"line":27,"column":2},"end":{"line":27,"column":18}},"12":{"start":{"line":30,"column":0},"end":{"line":30,"column":null}}},"fnMap":{"0":{"name":"resetDb","decl":{"start":{"line":5,"column":15},"end":{"line":5,"column":22}},"loc":{"start":{"line":5,"column":25},"end":{"line":10,"column":1}},"line":5},"1":{"name":"registerAndLogin","decl":{"start":{"line":12,"column":15},"end":{"line":12,"column":31}},"loc":{"start":{"line":12,"column":125},"end":{"line":20,"column":1}},"line":12},"2":{"name":"createQuestion","decl":{"start":{"line":22,"column":15},"end":{"line":22,"column":29}},"loc":{"start":{"line":22,"column":53},"end":{"line":28,"column":1}},"line":22}},"branchMap":{"0":{"loc":{"start":{"line":12,"column":32},"end":{"line":12,"column":111}},"type":"default-arg","locations":[{"start":{"line":12,"column":40},"end":{"line":12,"column":111}}],"line":12},"1":{"loc":{"start":{"line":12,"column":113},"end":{"line":12,"column":123}},"type":"default-arg","locations":[{"start":{"line":12,"column":120},"end":{"line":12,"column":123}}],"line":12},"2":{"loc":{"start":{"line":22,"column":37},"end":{"line":22,"column":51}},"type":"default-arg","locations":[{"start":{"line":22,"column":49},"end":{"line":22,"column":51}}],"line":22}},"s":{"0":3,"1":3,"2":3,"3":9,"4":9,"5":9,"6":9,"7":8,"8":8,"9":8,"10":1,"11":1,"12":3},"f":{"0":9,"1":8,"2":1},"b":{"0":[8],"1":[8],"2":[1]},"meta":{"lastBranch":3,"lastFunction":3,"lastStatement":13,"seen":{"s:1:16:1:36":0,"s:2:12:2:33":1,"s:3:15:3:43":2,"f:5:15:5:22":0,"s:6:2:6:36":3,"s:7:2:7:37":4,"s:8:2:8:36":5,"s:9:2:9:33":6,"f:12:15:12:31":1,"b:12:40:12:111":0,"b:12:120:12:123":1,"s:13:2:14:48":7,"s:16:14:17:41":8,"s:19:2:19:24":9,"f:22:15:22:29":2,"b:22:49:22:51":2,"s:23:14:25:83":10,"s:27:2:27:18":11,"s:30:0:30:Infinity":12}}}
}
